\BOOKMARK [1][-]{section*.1}{\376\377\000C\000o\000n\000t\000e\000\372\000d\000o}{}% 1
\BOOKMARK [1][-]{section.1}{\376\377\000I\000n\000t\000r\000o\000d\000u\000\347\000\343\000o}{}% 2
\BOOKMARK [1][-]{section.2}{\376\377\000C\000o\000n\000t\000e\000x\000t\000u\000a\000l\000i\000z\000a\000\347\000\343\000o}{}% 3
\BOOKMARK [1][-]{section.3}{\376\377\000O\000b\000j\000e\000t\000i\000v\000o\000s}{}% 4
\BOOKMARK [1][-]{section.4}{\376\377\000E\000s\000t\000r\000u\000t\000u\000r\000a\000s\000\040\000d\000e\000\040\000D\000a\000d\000o\000s}{}% 5
\BOOKMARK [2][-]{subsection.4.1}{\376\377\000V\000e\000c\000t\000o\000r\0002}{section.4}% 6
\BOOKMARK [2][-]{subsection.4.2}{\376\377\000N\000o\000d\000e}{section.4}% 7
\BOOKMARK [2][-]{subsection.4.3}{\376\377\000G\000r\000a\000p\000h}{section.4}% 8
\BOOKMARK [2][-]{subsection.4.4}{\376\377\000V\000e\000r\000t\000e\000x}{section.4}% 9
\BOOKMARK [2][-]{subsection.4.5}{\376\377\000E\000d\000g\000e}{section.4}% 10
\BOOKMARK [2][-]{subsection.4.6}{\376\377\000E\000l\000e\000m\000e\000n\000t}{section.4}% 11
\BOOKMARK [2][-]{subsection.4.7}{\376\377\000P\000a\000t\000h}{section.4}% 12
\BOOKMARK [2][-]{subsection.4.8}{\376\377\000Q\000u\000e\000u\000e\000\040\000e\000\040\000S\000t\000a\000c\000k\000\040\000\050\000i\000m\000p\000l\000e\000m\000e\000n\000t\000a\000\347\000\365\000e\000s\000\040\000a\000u\000x\000i\000l\000i\000a\000r\000e\000s\000\051}{section.4}% 13
\BOOKMARK [1][-]{section.5}{\376\377\000E\000t\000a\000p\000a\000\040\0001\000\040\040\023\000\040\000L\000e\000i\000t\000u\000r\000a\000,\000\040\000A\000r\000m\000a\000z\000e\000n\000a\000m\000e\000n\000t\000o\000\040\000e\000\040\000D\000e\000t\000e\000\347\000\343\000o\000\040\000d\000e\000\040\000I\000n\000t\000e\000r\000f\000e\000r\000\352\000n\000c\000i\000a\000s}{}% 14
\BOOKMARK [2][-]{subsection.5.1}{\376\377\000O\000b\000j\000e\000t\000i\000v\000o\000\040\000d\000a\000\040\000E\000t\000a\000p\000a}{section.5}% 15
\BOOKMARK [2][-]{subsection.5.2}{\376\377\000L\000e\000i\000t\000u\000r\000a\000\040\000d\000o\000\040\000F\000i\000c\000h\000e\000i\000r\000o\000\040\000e\000\040\000C\000o\000n\000s\000t\000r\000u\000\347\000\343\000o\000\040\000d\000a\000\040\000L\000i\000s\000t\000a}{section.5}% 16
\BOOKMARK [2][-]{subsection.5.3}{\376\377\000D\000e\000t\000e\000\347\000\343\000o\000\040\000d\000e\000\040\000E\000f\000e\000i\000t\000o\000s\000\040\000N\000e\000f\000a\000s\000t\000o\000s}{section.5}% 17
\BOOKMARK [2][-]{subsection.5.4}{\376\377\000A\000r\000m\000a\000z\000e\000n\000a\000m\000e\000n\000t\000o\000\040\000e\000\040\000E\000x\000p\000o\000r\000t\000a\000\347\000\343\000o\000\040\000d\000o\000s\000\040\000R\000e\000s\000u\000l\000t\000a\000d\000o\000s}{section.5}% 18
\BOOKMARK [2][-]{subsection.5.5}{\376\377\000V\000i\000s\000u\000a\000l\000i\000z\000a\000\347\000\343\000o}{section.5}% 19
\BOOKMARK [2][-]{subsection.5.6}{\376\377\000D\000e\000s\000a\000f\000i\000o\000s\000\040\000e\000\040\000S\000o\000l\000u\000\347\000\365\000e\000s}{section.5}% 20
\BOOKMARK [2][-]{subsection.5.7}{\376\377\000F\000u\000n\000\347\000\365\000e\000s\000\040\000P\000r\000i\000n\000c\000i\000p\000a\000i\000s\000\040\000d\000a\000\040\000E\000t\000a\000p\000a\000\040\0001}{section.5}% 21
\BOOKMARK [2][-]{subsection.5.8}{\376\377\000E\000s\000t\000r\000u\000t\000u\000r\000a\000s\000\040\000U\000t\000i\000l\000i\000z\000a\000d\000a\000s}{section.5}% 22
\BOOKMARK [1][-]{section.6}{\376\377\000E\000t\000a\000p\000a\000\040\0002\000\040\040\023\000\040\000R\000e\000p\000r\000e\000s\000e\000n\000t\000a\000\347\000\343\000o\000\040\000e\000m\000\040\000G\000r\000a\000f\000o\000\040\000e\000\040\000A\000l\000g\000o\000r\000i\000t\000m\000o\000s\000\040\000d\000e\000\040\000B\000u\000s\000c\000a}{}% 23
\BOOKMARK [2][-]{subsection.6.1}{\376\377\000O\000b\000j\000e\000t\000i\000v\000o\000\040\000d\000a\000\040\000E\000t\000a\000p\000a}{section.6}% 24
\BOOKMARK [2][-]{subsection.6.2}{\376\377\000C\000o\000n\000v\000e\000r\000s\000\343\000o\000\040\000d\000a\000\040\000L\000i\000s\000t\000a\000\040\000p\000a\000r\000a\000\040\000G\000r\000a\000f\000o}{section.6}% 25
\BOOKMARK [2][-]{subsection.6.3}{\376\377\000E\000s\000t\000r\000u\000t\000u\000r\000a\000s\000\040\000d\000a\000\040\000E\000t\000a\000p\000a\000\040\0002}{section.6}% 26
\BOOKMARK [3][-]{subsubsection.6.3.1}{\376\377\000E\000d\000g\000e}{subsection.6.3}% 27
\BOOKMARK [3][-]{subsubsection.6.3.2}{\376\377\000V\000e\000r\000t\000e\000x}{subsection.6.3}% 28
\BOOKMARK [3][-]{subsubsection.6.3.3}{\376\377\000G\000r\000a\000p\000h}{subsection.6.3}% 29
\BOOKMARK [3][-]{subsubsection.6.3.4}{\376\377\000E\000l\000e\000m\000e\000n\000t\000\040\000e\000\040\000P\000a\000t\000h}{subsection.6.3}% 30
\BOOKMARK [2][-]{subsection.6.4}{\376\377\000A\000l\000g\000o\000r\000i\000t\000m\000o\000s\000\040\000d\000e\000\040\000T\000r\000a\000v\000e\000s\000s\000i\000a}{section.6}% 31
\BOOKMARK [3][-]{subsubsection.6.4.1}{\376\377\000B\000r\000e\000a\000d\000t\000h\000-\000F\000i\000r\000s\000t\000\040\000S\000e\000a\000r\000c\000h\000\040\000\050\000B\000F\000S\000\051}{subsection.6.4}% 32
\BOOKMARK [3][-]{subsubsection.6.4.2}{\376\377\000D\000e\000p\000t\000h\000-\000F\000i\000r\000s\000t\000\040\000S\000e\000a\000r\000c\000h\000\040\000\050\000D\000F\000S\000\051}{subsection.6.4}% 33
\BOOKMARK [2][-]{subsection.6.5}{\376\377\000P\000e\000r\000c\000u\000r\000s\000o\000s\000\040\000e\000\040\000R\000e\000s\000s\000o\000n\000\342\000n\000c\000i\000a}{section.6}% 34
\BOOKMARK [2][-]{subsection.6.6}{\376\377\000V\000i\000s\000u\000a\000l\000i\000z\000a\000\347\000\343\000o\000\040\000e\000\040\000I\000n\000t\000e\000r\000f\000a\000c\000e}{section.6}% 35
\BOOKMARK [2][-]{subsection.6.7}{\376\377\000A\000r\000m\000a\000z\000e\000n\000a\000m\000e\000n\000t\000o\000\040\000e\000\040\000L\000o\000g}{section.6}% 36
\BOOKMARK [2][-]{subsection.6.8}{\376\377\000D\000e\000s\000a\000f\000i\000o\000s\000\040\000e\000\040\000S\000o\000l\000u\000\347\000\365\000e\000s}{section.6}% 37
\BOOKMARK [2][-]{subsection.6.9}{\376\377\000A\000l\000g\000o\000r\000i\000t\000m\000o\000s\000\040\000d\000o\000\040\000G\000r\000a\000f\000o}{section.6}% 38
\BOOKMARK [1][-]{section.7}{\376\377\000E\000s\000t\000r\000u\000t\000u\000r\000a\000\040\000d\000e\000\040\000D\000i\000r\000e\000t\000\363\000r\000i\000o\000s\000\040\000d\000o\000\040\000P\000r\000o\000j\000e\000t\000o}{}% 39
\BOOKMARK [1][-]{section.8}{\376\377\000D\000e\000s\000a\000f\000i\000o\000s\000\040\000E\000n\000c\000o\000n\000t\000r\000a\000d\000o\000s}{}% 40
\BOOKMARK [2][-]{subsection.8.1}{\376\377\000G\000e\000r\000e\000n\000c\000i\000a\000m\000e\000n\000t\000o\000\040\000d\000e\000\040\000M\000e\000m\000\363\000r\000i\000a}{section.8}% 41
\BOOKMARK [2][-]{subsection.8.2}{\376\377\000E\000v\000i\000t\000a\000r\000\040\000C\000i\000c\000l\000o\000s\000\040\000I\000n\000e\000s\000p\000e\000r\000a\000d\000o\000s}{section.8}% 42
\BOOKMARK [1][-]{section.9}{\376\377\000T\000r\000a\000b\000a\000l\000h\000o\000s\000\040\000F\000u\000t\000u\000r\000o\000s}{}% 43
\BOOKMARK [1][-]{section.10}{\376\377\000C\000o\000n\000c\000l\000u\000s\000\343\000o\000\040\000F\000i\000n\000a\000l}{}% 44
\BOOKMARK [1][-]{section.11}{\376\377\000B\000i\000b\000l\000i\000o\000g\000r\000a\000f\000i\000a}{}% 45
