\BOOKMARK [0][-]{chapter.1}{\376\377\0001\000\040\000\315\000n\000d\000i\000c\000e\000\040\000d\000a\000s\000\040\000e\000s\000t\000r\000u\000t\000u\000r\000a\000s\000\040\000d\000e\000\040\000d\000a\000d\000o\000s}{}% 1
\BOOKMARK [1][-]{section.1.1}{\376\377\0001\000.\0001\000\040\000E\000s\000t\000r\000u\000t\000u\000r\000a\000s\000\040\000d\000e\000\040\000d\000a\000d\000o\000s}{chapter.1}% 2
\BOOKMARK [0][-]{chapter.2}{\376\377\0002\000\040\000\315\000n\000d\000i\000c\000e\000\040\000d\000o\000s\000\040\000f\000i\000c\000h\000e\000i\000r\000o\000s}{}% 3
\BOOKMARK [1][-]{section.2.1}{\376\377\0002\000.\0001\000\040\000L\000i\000s\000t\000a\000\040\000d\000e\000\040\000f\000i\000c\000h\000e\000i\000r\000o\000s}{chapter.2}% 4
\BOOKMARK [0][-]{chapter.3}{\376\377\0003\000\040\000D\000o\000c\000u\000m\000e\000n\000t\000a\000\347\000\343\000o\000\040\000d\000a\000\040\000e\000s\000t\000r\000u\000t\000u\000r\000a\000s\000\040\000d\000e\000\040\000d\000a\000d\000o\000s}{}% 5
\BOOKMARK [1][-]{section.3.1}{\376\377\0003\000.\0001\000\040\000R\000e\000f\000e\000r\000\352\000n\000c\000i\000a\000\040\000\340\000\040\000e\000s\000t\000r\000u\000t\000u\000r\000a\000\040\000E\000d\000g\000e}{chapter.3}% 6
\BOOKMARK [2][-]{subsection.3.1.1}{\376\377\0003\000.\0001\000.\0001\000\040\000D\000e\000s\000c\000r\000i\000\347\000\343\000o\000\040\000d\000e\000t\000a\000l\000h\000a\000d\000a}{section.3.1}% 7
\BOOKMARK [1][-]{section.3.2}{\376\377\0003\000.\0002\000\040\000R\000e\000f\000e\000r\000\352\000n\000c\000i\000a\000\040\000\340\000\040\000e\000s\000t\000r\000u\000t\000u\000r\000a\000\040\000E\000l\000e\000m\000e\000n\000t}{chapter.3}% 8
\BOOKMARK [2][-]{subsection.3.2.1}{\376\377\0003\000.\0002\000.\0001\000\040\000D\000e\000s\000c\000r\000i\000\347\000\343\000o\000\040\000d\000e\000t\000a\000l\000h\000a\000d\000a}{section.3.2}% 9
\BOOKMARK [1][-]{section.3.3}{\376\377\0003\000.\0003\000\040\000R\000e\000f\000e\000r\000\352\000n\000c\000i\000a\000\040\000\340\000\040\000e\000s\000t\000r\000u\000t\000u\000r\000a\000\040\000G\000r\000a\000p\000h}{chapter.3}% 10
\BOOKMARK [2][-]{subsection.3.3.1}{\376\377\0003\000.\0003\000.\0001\000\040\000D\000e\000s\000c\000r\000i\000\347\000\343\000o\000\040\000d\000e\000t\000a\000l\000h\000a\000d\000a}{section.3.3}% 11
\BOOKMARK [1][-]{section.3.4}{\376\377\0003\000.\0004\000\040\000R\000e\000f\000e\000r\000\352\000n\000c\000i\000a\000\040\000\340\000\040\000e\000s\000t\000r\000u\000t\000u\000r\000a\000\040\000N\000o\000d\000e}{chapter.3}% 12
\BOOKMARK [2][-]{subsection.3.4.1}{\376\377\0003\000.\0004\000.\0001\000\040\000D\000e\000s\000c\000r\000i\000\347\000\343\000o\000\040\000d\000e\000t\000a\000l\000h\000a\000d\000a}{section.3.4}% 13
\BOOKMARK [1][-]{section.3.5}{\376\377\0003\000.\0005\000\040\000R\000e\000f\000e\000r\000\352\000n\000c\000i\000a\000\040\000\340\000\040\000e\000s\000t\000r\000u\000t\000u\000r\000a\000\040\000P\000a\000t\000h}{chapter.3}% 14
\BOOKMARK [2][-]{subsection.3.5.1}{\376\377\0003\000.\0005\000.\0001\000\040\000D\000e\000s\000c\000r\000i\000\347\000\343\000o\000\040\000d\000e\000t\000a\000l\000h\000a\000d\000a}{section.3.5}% 15
\BOOKMARK [1][-]{section.3.6}{\376\377\0003\000.\0006\000\040\000R\000e\000f\000e\000r\000\352\000n\000c\000i\000a\000\040\000\340\000\040\000e\000s\000t\000r\000u\000t\000u\000r\000a\000\040\000V\000e\000c\000t\000o\000r\0002}{chapter.3}% 16
\BOOKMARK [2][-]{subsection.3.6.1}{\376\377\0003\000.\0006\000.\0001\000\040\000D\000e\000s\000c\000r\000i\000\347\000\343\000o\000\040\000d\000e\000t\000a\000l\000h\000a\000d\000a}{section.3.6}% 17
\BOOKMARK [1][-]{section.3.7}{\376\377\0003\000.\0007\000\040\000R\000e\000f\000e\000r\000\352\000n\000c\000i\000a\000\040\000\340\000\040\000e\000s\000t\000r\000u\000t\000u\000r\000a\000\040\000V\000e\000r\000t\000e\000x}{chapter.3}% 18
\BOOKMARK [2][-]{subsection.3.7.1}{\376\377\0003\000.\0007\000.\0001\000\040\000D\000e\000s\000c\000r\000i\000\347\000\343\000o\000\040\000d\000e\000t\000a\000l\000h\000a\000d\000a}{section.3.7}% 19
\BOOKMARK [0][-]{chapter.4}{\376\377\0004\000\040\000D\000o\000c\000u\000m\000e\000n\000t\000a\000\347\000\343\000o\000\040\000d\000o\000\040\000f\000i\000c\000h\000e\000i\000r\000o}{}% 20
\BOOKMARK [1][-]{section.4.1}{\376\377\0004\000.\0001\000\040\000R\000e\000f\000e\000r\000\352\000n\000c\000i\000a\000\040\000a\000o\000\040\000f\000i\000c\000h\000e\000i\000r\000o\000\040\000s\000r\000c\000/\000f\000u\000n\000c\000.\000c}{chapter.4}% 21
\BOOKMARK [2][-]{subsection.4.1.1}{\376\377\0004\000.\0001\000.\0001\000\040\000D\000e\000s\000c\000r\000i\000\347\000\343\000o\000\040\000d\000e\000t\000a\000l\000h\000a\000d\000a}{section.4.1}% 22
\BOOKMARK [2][-]{subsection.4.1.2}{\376\377\0004\000.\0001\000.\0002\000\040\000D\000o\000c\000u\000m\000e\000n\000t\000a\000\347\000\343\000o\000\040\000d\000a\000s\000\040\000f\000u\000n\000\347\000\365\000e\000s}{section.4.1}% 23
\BOOKMARK [3][-]{subsubsection.4.1.2.1}{\376\377\0004\000.\0001\000.\0002\000.\0001\000\040\000A\000d\000d\000E\000d\000g\000e\000s\000\050\000\051}{subsection.4.1.2}% 24
\BOOKMARK [3][-]{subsubsection.4.1.2.2}{\376\377\0004\000.\0001\000.\0002\000.\0002\000\040\000A\000d\000d\000P\000a\000t\000h\000\050\000\051}{subsection.4.1.2}% 25
\BOOKMARK [3][-]{subsubsection.4.1.2.3}{\376\377\0004\000.\0001\000.\0002\000.\0003\000\040\000C\000l\000e\000a\000r\000E\000d\000g\000e\000s\000\050\000\051}{subsection.4.1.2}% 26
\BOOKMARK [3][-]{subsubsection.4.1.2.4}{\376\377\0004\000.\0001\000.\0002\000.\0004\000\040\000C\000l\000e\000a\000r\000N\000o\000i\000s\000e\000\050\000\051}{subsection.4.1.2}% 27
\BOOKMARK [3][-]{subsubsection.4.1.2.5}{\376\377\0004\000.\0001\000.\0002\000.\0005\000\040\000C\000l\000e\000a\000r\000S\000e\000e\000n\000\050\000\051}{subsection.4.1.2}% 28
\BOOKMARK [3][-]{subsubsection.4.1.2.6}{\376\377\0004\000.\0001\000.\0002\000.\0006\000\040\000C\000o\000p\000y\000G\000r\000a\000p\000h\000T\000o\000L\000i\000s\000t\000\050\000\051}{subsection.4.1.2}% 29
\BOOKMARK [3][-]{subsubsection.4.1.2.7}{\376\377\0004\000.\0001\000.\0002\000.\0007\000\040\000C\000o\000p\000y\000L\000i\000s\000t\000T\000o\000G\000r\000a\000p\000h\000\050\000\051}{subsection.4.1.2}% 30
\BOOKMARK [3][-]{subsubsection.4.1.2.8}{\376\377\0004\000.\0001\000.\0002\000.\0008\000\040\000D\000F\000S\000M\000a\000r\000k\000\050\000\051}{subsection.4.1.2}% 31
\BOOKMARK [3][-]{subsubsection.4.1.2.9}{\376\377\0004\000.\0001\000.\0002\000.\0009\000\040\000E\000d\000g\000e\000F\000i\000n\000d\000D\000e\000s\000t\000\050\000\051}{subsection.4.1.2}% 32
\BOOKMARK [3][-]{subsubsection.4.1.2.10}{\376\377\0004\000.\0001\000.\0002\000.\0001\0000\000\040\000F\000i\000n\000d\000E\000l\000e\000m\000e\000n\000t\000\050\000\051}{subsection.4.1.2}% 33
\BOOKMARK [3][-]{subsubsection.4.1.2.11}{\376\377\0004\000.\0001\000.\0002\000.\0001\0001\000\040\000F\000i\000n\000d\000N\000o\000d\000e\000P\000o\000s\000\050\000\051}{subsection.4.1.2}% 34
\BOOKMARK [3][-]{subsubsection.4.1.2.12}{\376\377\0004\000.\0001\000.\0002\000.\0001\0002\000\040\000F\000i\000n\000d\000P\000a\000i\000r\000s\000\050\000\051}{subsection.4.1.2}% 35
\BOOKMARK [3][-]{subsubsection.4.1.2.13}{\376\377\0004\000.\0001\000.\0002\000.\0001\0003\000\040\000F\000i\000n\000d\000V\000e\000r\000t\000e\000x\000A\000t\000\050\000\051}{subsection.4.1.2}% 36
\BOOKMARK [3][-]{subsubsection.4.1.2.14}{\376\377\0004\000.\0001\000.\0002\000.\0001\0004\000\040\000F\000i\000n\000d\000V\000e\000r\000t\000e\000x\000B\000y\000I\000d\000\050\000\051}{subsection.4.1.2}% 37
\BOOKMARK [3][-]{subsubsection.4.1.2.15}{\376\377\0004\000.\0001\000.\0002\000.\0001\0005\000\040\000F\000r\000e\000e\000E\000l\000e\000m\000e\000n\000t\000s\000\050\000\051}{subsection.4.1.2}% 38
\BOOKMARK [3][-]{subsubsection.4.1.2.16}{\376\377\0004\000.\0001\000.\0002\000.\0001\0006\000\040\000F\000r\000e\000e\000G\000r\000a\000p\000h\000\050\000\051}{subsection.4.1.2}% 39
\BOOKMARK [3][-]{subsubsection.4.1.2.17}{\376\377\0004\000.\0001\000.\0002\000.\0001\0007\000\040\000F\000r\000e\000e\000N\000o\000d\000e\000s\000\050\000\051}{subsection.4.1.2}% 40
\BOOKMARK [3][-]{subsubsection.4.1.2.18}{\376\377\0004\000.\0001\000.\0002\000.\0001\0008\000\040\000G\000r\000a\000p\000h\000B\000F\000S\000\050\000\051}{subsection.4.1.2}% 41
\BOOKMARK [3][-]{subsubsection.4.1.2.19}{\376\377\0004\000.\0001\000.\0002\000.\0001\0009\000\040\000G\000r\000a\000p\000h\000D\000F\000S\000\050\000\051}{subsection.4.1.2}% 42
\BOOKMARK [3][-]{subsubsection.4.1.2.20}{\376\377\0004\000.\0001\000.\0002\000.\0002\0000\000\040\000G\000r\000a\000p\000h\000P\000a\000t\000h\000s\000\050\000\051}{subsection.4.1.2}% 43
\BOOKMARK [3][-]{subsubsection.4.1.2.21}{\376\377\0004\000.\0001\000.\0002\000.\0002\0001\000\040\000I\000n\000i\000t\000G\000r\000a\000p\000h\000\050\000\051}{subsection.4.1.2}% 44
\BOOKMARK [3][-]{subsubsection.4.1.2.22}{\376\377\0004\000.\0001\000.\0002\000.\0002\0002\000\040\000I\000n\000s\000e\000r\000t\000E\000d\000g\000e\000\050\000\051}{subsection.4.1.2}% 45
\BOOKMARK [3][-]{subsubsection.4.1.2.23}{\376\377\0004\000.\0001\000.\0002\000.\0002\0003\000\040\000I\000n\000s\000e\000r\000t\000E\000l\000e\000m\000e\000n\000t\000\050\000\051}{subsection.4.1.2}% 46
\BOOKMARK [3][-]{subsubsection.4.1.2.24}{\376\377\0004\000.\0001\000.\0002\000.\0002\0004\000\040\000I\000n\000s\000e\000r\000t\000E\000l\000e\000m\000e\000n\000t\000A\000t\000E\000n\000d\000\050\000\051}{subsection.4.1.2}% 47
\BOOKMARK [3][-]{subsubsection.4.1.2.25}{\376\377\0004\000.\0001\000.\0002\000.\0002\0005\000\040\000I\000n\000s\000e\000r\000t\000N\000o\000d\000e\000\050\000\051}{subsection.4.1.2}% 48
\BOOKMARK [3][-]{subsubsection.4.1.2.26}{\376\377\0004\000.\0001\000.\0002\000.\0002\0006\000\040\000I\000n\000s\000e\000r\000t\000V\000e\000r\000t\000e\000x\000\050\000\051}{subsection.4.1.2}% 49
\BOOKMARK [3][-]{subsubsection.4.1.2.27}{\376\377\0004\000.\0001\000.\0002\000.\0002\0007\000\040\000I\000s\000N\000e\000w\000E\000d\000g\000e\000\050\000\051}{subsection.4.1.2}% 50
\BOOKMARK [3][-]{subsubsection.4.1.2.28}{\376\377\0004\000.\0001\000.\0002\000.\0002\0008\000\040\000M\000a\000k\000e\000E\000l\000e\000m\000e\000n\000t\000\050\000\051}{subsection.4.1.2}% 51
\BOOKMARK [3][-]{subsubsection.4.1.2.29}{\376\377\0004\000.\0001\000.\0002\000.\0002\0009\000\040\000M\000a\000k\000e\000N\000o\000d\000e\000\050\000\051}{subsection.4.1.2}% 52
\BOOKMARK [3][-]{subsubsection.4.1.2.30}{\376\377\0004\000.\0001\000.\0002\000.\0003\0000\000\040\000M\000a\000k\000e\000S\000e\000e\000n\000L\000i\000s\000t\000\050\000\051}{subsection.4.1.2}% 53
\BOOKMARK [3][-]{subsubsection.4.1.2.31}{\376\377\0004\000.\0001\000.\0002\000.\0003\0001\000\040\000M\000a\000k\000e\000V\000e\000r\000t\000e\000x\000\050\000\051}{subsection.4.1.2}% 54
\BOOKMARK [3][-]{subsubsection.4.1.2.32}{\376\377\0004\000.\0001\000.\0002\000.\0003\0002\000\040\000N\000o\000d\000e\000I\000n\000B\000o\000u\000n\000d\000s\000\050\000\051}{subsection.4.1.2}% 55
\BOOKMARK [3][-]{subsubsection.4.1.2.33}{\376\377\0004\000.\0001\000.\0002\000.\0003\0003\000\040\000N\000o\000i\000s\000e\000C\000h\000e\000c\000k\000\050\000\051}{subsection.4.1.2}% 56
\BOOKMARK [3][-]{subsubsection.4.1.2.34}{\376\377\0004\000.\0001\000.\0002\000.\0003\0004\000\040\000N\000o\000i\000s\000e\000C\000h\000e\000c\000k\000A\000l\000t\000\050\000\051}{subsection.4.1.2}% 57
\BOOKMARK [3][-]{subsubsection.4.1.2.35}{\376\377\0004\000.\0001\000.\0002\000.\0003\0005\000\040\000P\000a\000t\000h\000i\000n\000g\000\050\000\051}{subsection.4.1.2}% 58
\BOOKMARK [3][-]{subsubsection.4.1.2.36}{\376\377\0004\000.\0001\000.\0002\000.\0003\0006\000\040\000R\000e\000a\000d\000G\000r\000a\000p\000h\000F\000i\000l\000e\000\050\000\051}{subsection.4.1.2}% 59
\BOOKMARK [3][-]{subsubsection.4.1.2.37}{\376\377\0004\000.\0001\000.\0002\000.\0003\0007\000\040\000R\000e\000a\000d\000L\000i\000s\000t\000F\000i\000l\000e\000\050\000\051}{subsection.4.1.2}% 60
\BOOKMARK [3][-]{subsubsection.4.1.2.38}{\376\377\0004\000.\0001\000.\0002\000.\0003\0008\000\040\000R\000e\000m\000o\000v\000e\000E\000d\000g\000e\000\050\000\051}{subsection.4.1.2}% 61
\BOOKMARK [3][-]{subsubsection.4.1.2.39}{\376\377\0004\000.\0001\000.\0002\000.\0003\0009\000\040\000R\000e\000m\000o\000v\000e\000E\000l\000e\000m\000e\000n\000t\000\050\000\051}{subsection.4.1.2}% 62
\BOOKMARK [3][-]{subsubsection.4.1.2.40}{\376\377\0004\000.\0001\000.\0002\000.\0004\0000\000\040\000R\000e\000m\000o\000v\000e\000N\000o\000d\000e\000\050\000\051}{subsection.4.1.2}% 63
\BOOKMARK [3][-]{subsubsection.4.1.2.41}{\376\377\0004\000.\0001\000.\0002\000.\0004\0001\000\040\000R\000e\000m\000o\000v\000e\000V\000e\000r\000t\000e\000x\000\050\000\051}{subsection.4.1.2}% 64
\BOOKMARK [3][-]{subsubsection.4.1.2.42}{\376\377\0004\000.\0001\000.\0002\000.\0004\0002\000\040\000S\000a\000v\000e\000G\000r\000a\000p\000h\000F\000i\000l\000e\000\050\000\051}{subsection.4.1.2}% 65
\BOOKMARK [3][-]{subsubsection.4.1.2.43}{\376\377\0004\000.\0001\000.\0002\000.\0004\0003\000\040\000S\000a\000v\000e\000L\000i\000s\000t\000\050\000\051}{subsection.4.1.2}% 66
\BOOKMARK [3][-]{subsubsection.4.1.2.44}{\376\377\0004\000.\0001\000.\0002\000.\0004\0004\000\040\000V\000a\000l\000i\000d\000N\000o\000d\000e\000P\000o\000s\000\050\000\051}{subsection.4.1.2}% 67
\BOOKMARK [3][-]{subsubsection.4.1.2.45}{\376\377\0004\000.\0001\000.\0002\000.\0004\0005\000\040\000V\000e\000c\000t\000o\000r\0002\000A\000d\000d\000\050\000\051}{subsection.4.1.2}% 68
\BOOKMARK [3][-]{subsubsection.4.1.2.46}{\376\377\0004\000.\0001\000.\0002\000.\0004\0006\000\040\000V\000e\000c\000t\000o\000r\0002\000C\000o\000m\000p\000a\000r\000e\000\050\000\051}{subsection.4.1.2}% 69
\BOOKMARK [3][-]{subsubsection.4.1.2.47}{\376\377\0004\000.\0001\000.\0002\000.\0004\0007\000\040\000V\000e\000c\000t\000o\000r\0002\000S\000u\000b\000t\000r\000a\000c\000t\000\050\000\051}{subsection.4.1.2}% 70
\BOOKMARK [1][-]{section.4.2}{\376\377\0004\000.\0002\000\040\000R\000e\000f\000e\000r\000\352\000n\000c\000i\000a\000\040\000a\000o\000\040\000f\000i\000c\000h\000e\000i\000r\000o\000\040\000s\000r\000c\000/\000f\000u\000n\000c\000.\000h}{chapter.4}% 71
\BOOKMARK [2][-]{subsection.4.2.1}{\376\377\0004\000.\0002\000.\0001\000\040\000D\000e\000s\000c\000r\000i\000\347\000\343\000o\000\040\000d\000e\000t\000a\000l\000h\000a\000d\000a}{section.4.2}% 72
\BOOKMARK [2][-]{subsection.4.2.2}{\376\377\0004\000.\0002\000.\0002\000\040\000D\000o\000c\000u\000m\000e\000n\000t\000a\000\347\000\343\000o\000\040\000d\000o\000s\000\040\000t\000i\000p\000o\000s}{section.4.2}% 73
\BOOKMARK [3][-]{subsubsection.4.2.2.1}{\376\377\0004\000.\0002\000.\0002\000.\0001\000\040\000E\000d\000g\000e}{subsection.4.2.2}% 74
\BOOKMARK [3][-]{subsubsection.4.2.2.2}{\376\377\0004\000.\0002\000.\0002\000.\0002\000\040\000E\000l\000e\000m\000e\000n\000t}{subsection.4.2.2}% 75
\BOOKMARK [3][-]{subsubsection.4.2.2.3}{\376\377\0004\000.\0002\000.\0002\000.\0003\000\040\000G\000r\000a\000p\000h}{subsection.4.2.2}% 76
\BOOKMARK [3][-]{subsubsection.4.2.2.4}{\376\377\0004\000.\0002\000.\0002\000.\0004\000\040\000N\000o\000d\000e}{subsection.4.2.2}% 77
\BOOKMARK [3][-]{subsubsection.4.2.2.5}{\376\377\0004\000.\0002\000.\0002\000.\0005\000\040\000P\000a\000t\000h}{subsection.4.2.2}% 78
\BOOKMARK [3][-]{subsubsection.4.2.2.6}{\376\377\0004\000.\0002\000.\0002\000.\0006\000\040\000V\000e\000c\000t\000o\000r\0002}{subsection.4.2.2}% 79
\BOOKMARK [3][-]{subsubsection.4.2.2.7}{\376\377\0004\000.\0002\000.\0002\000.\0007\000\040\000V\000e\000r\000t\000e\000x}{subsection.4.2.2}% 80
\BOOKMARK [2][-]{subsection.4.2.3}{\376\377\0004\000.\0002\000.\0003\000\040\000D\000o\000c\000u\000m\000e\000n\000t\000a\000\347\000\343\000o\000\040\000d\000a\000s\000\040\000f\000u\000n\000\347\000\365\000e\000s}{section.4.2}% 81
\BOOKMARK [3][-]{subsubsection.4.2.3.1}{\376\377\0004\000.\0002\000.\0003\000.\0001\000\040\000A\000d\000d\000E\000d\000g\000e\000s\000\050\000\051}{subsection.4.2.3}% 82
\BOOKMARK [3][-]{subsubsection.4.2.3.2}{\376\377\0004\000.\0002\000.\0003\000.\0002\000\040\000A\000d\000d\000P\000a\000t\000h\000\050\000\051}{subsection.4.2.3}% 83
\BOOKMARK [3][-]{subsubsection.4.2.3.3}{\376\377\0004\000.\0002\000.\0003\000.\0003\000\040\000C\000l\000e\000a\000r\000E\000d\000g\000e\000s\000\050\000\051}{subsection.4.2.3}% 84
\BOOKMARK [3][-]{subsubsection.4.2.3.4}{\376\377\0004\000.\0002\000.\0003\000.\0004\000\040\000C\000l\000e\000a\000r\000N\000o\000i\000s\000e\000\050\000\051}{subsection.4.2.3}% 85
\BOOKMARK [3][-]{subsubsection.4.2.3.5}{\376\377\0004\000.\0002\000.\0003\000.\0005\000\040\000C\000l\000e\000a\000r\000S\000e\000e\000n\000\050\000\051}{subsection.4.2.3}% 86
\BOOKMARK [3][-]{subsubsection.4.2.3.6}{\376\377\0004\000.\0002\000.\0003\000.\0006\000\040\000C\000o\000p\000y\000G\000r\000a\000p\000h\000T\000o\000L\000i\000s\000t\000\050\000\051}{subsection.4.2.3}% 87
\BOOKMARK [3][-]{subsubsection.4.2.3.7}{\376\377\0004\000.\0002\000.\0003\000.\0007\000\040\000C\000o\000p\000y\000L\000i\000s\000t\000T\000o\000G\000r\000a\000p\000h\000\050\000\051}{subsection.4.2.3}% 88
\BOOKMARK [3][-]{subsubsection.4.2.3.8}{\376\377\0004\000.\0002\000.\0003\000.\0008\000\040\000D\000F\000S\000M\000a\000r\000k\000\050\000\051}{subsection.4.2.3}% 89
\BOOKMARK [3][-]{subsubsection.4.2.3.9}{\376\377\0004\000.\0002\000.\0003\000.\0009\000\040\000E\000d\000g\000e\000F\000i\000n\000d\000D\000e\000s\000t\000\050\000\051}{subsection.4.2.3}% 90
\BOOKMARK [3][-]{subsubsection.4.2.3.10}{\376\377\0004\000.\0002\000.\0003\000.\0001\0000\000\040\000F\000i\000n\000d\000E\000l\000e\000m\000e\000n\000t\000\050\000\051}{subsection.4.2.3}% 91
\BOOKMARK [3][-]{subsubsection.4.2.3.11}{\376\377\0004\000.\0002\000.\0003\000.\0001\0001\000\040\000F\000i\000n\000d\000N\000o\000d\000e\000P\000o\000s\000\050\000\051}{subsection.4.2.3}% 92
\BOOKMARK [3][-]{subsubsection.4.2.3.12}{\376\377\0004\000.\0002\000.\0003\000.\0001\0002\000\040\000F\000i\000n\000d\000P\000a\000i\000r\000s\000\050\000\051}{subsection.4.2.3}% 93
\BOOKMARK [3][-]{subsubsection.4.2.3.13}{\376\377\0004\000.\0002\000.\0003\000.\0001\0003\000\040\000F\000i\000n\000d\000V\000e\000r\000t\000e\000x\000A\000t\000\050\000\051}{subsection.4.2.3}% 94
\BOOKMARK [3][-]{subsubsection.4.2.3.14}{\376\377\0004\000.\0002\000.\0003\000.\0001\0004\000\040\000F\000i\000n\000d\000V\000e\000r\000t\000e\000x\000B\000y\000I\000d\000\050\000\051}{subsection.4.2.3}% 95
\BOOKMARK [3][-]{subsubsection.4.2.3.15}{\376\377\0004\000.\0002\000.\0003\000.\0001\0005\000\040\000F\000r\000e\000e\000E\000l\000e\000m\000e\000n\000t\000s\000\050\000\051}{subsection.4.2.3}% 96
\BOOKMARK [3][-]{subsubsection.4.2.3.16}{\376\377\0004\000.\0002\000.\0003\000.\0001\0006\000\040\000F\000r\000e\000e\000G\000r\000a\000p\000h\000\050\000\051}{subsection.4.2.3}% 97
\BOOKMARK [3][-]{subsubsection.4.2.3.17}{\376\377\0004\000.\0002\000.\0003\000.\0001\0007\000\040\000F\000r\000e\000e\000N\000o\000d\000e\000s\000\050\000\051}{subsection.4.2.3}% 98
\BOOKMARK [3][-]{subsubsection.4.2.3.18}{\376\377\0004\000.\0002\000.\0003\000.\0001\0008\000\040\000G\000r\000a\000p\000h\000B\000F\000S\000\050\000\051}{subsection.4.2.3}% 99
\BOOKMARK [3][-]{subsubsection.4.2.3.19}{\376\377\0004\000.\0002\000.\0003\000.\0001\0009\000\040\000G\000r\000a\000p\000h\000D\000F\000S\000\050\000\051}{subsection.4.2.3}% 100
\BOOKMARK [3][-]{subsubsection.4.2.3.20}{\376\377\0004\000.\0002\000.\0003\000.\0002\0000\000\040\000G\000r\000a\000p\000h\000P\000a\000t\000h\000s\000\050\000\051}{subsection.4.2.3}% 101
\BOOKMARK [3][-]{subsubsection.4.2.3.21}{\376\377\0004\000.\0002\000.\0003\000.\0002\0001\000\040\000I\000n\000i\000t\000G\000r\000a\000p\000h\000\050\000\051}{subsection.4.2.3}% 102
\BOOKMARK [3][-]{subsubsection.4.2.3.22}{\376\377\0004\000.\0002\000.\0003\000.\0002\0002\000\040\000I\000n\000s\000e\000r\000t\000E\000d\000g\000e\000\050\000\051}{subsection.4.2.3}% 103
\BOOKMARK [3][-]{subsubsection.4.2.3.23}{\376\377\0004\000.\0002\000.\0003\000.\0002\0003\000\040\000I\000n\000s\000e\000r\000t\000E\000l\000e\000m\000e\000n\000t\000\050\000\051}{subsection.4.2.3}% 104
\BOOKMARK [3][-]{subsubsection.4.2.3.24}{\376\377\0004\000.\0002\000.\0003\000.\0002\0004\000\040\000I\000n\000s\000e\000r\000t\000E\000l\000e\000m\000e\000n\000t\000A\000t\000E\000n\000d\000\050\000\051}{subsection.4.2.3}% 105
\BOOKMARK [3][-]{subsubsection.4.2.3.25}{\376\377\0004\000.\0002\000.\0003\000.\0002\0005\000\040\000I\000n\000s\000e\000r\000t\000N\000o\000d\000e\000\050\000\051}{subsection.4.2.3}% 106
\BOOKMARK [3][-]{subsubsection.4.2.3.26}{\376\377\0004\000.\0002\000.\0003\000.\0002\0006\000\040\000I\000n\000s\000e\000r\000t\000V\000e\000r\000t\000e\000x\000\050\000\051}{subsection.4.2.3}% 107
\BOOKMARK [3][-]{subsubsection.4.2.3.27}{\376\377\0004\000.\0002\000.\0003\000.\0002\0007\000\040\000I\000s\000N\000e\000w\000E\000d\000g\000e\000\050\000\051}{subsection.4.2.3}% 108
\BOOKMARK [3][-]{subsubsection.4.2.3.28}{\376\377\0004\000.\0002\000.\0003\000.\0002\0008\000\040\000M\000a\000k\000e\000E\000l\000e\000m\000e\000n\000t\000\050\000\051}{subsection.4.2.3}% 109
\BOOKMARK [3][-]{subsubsection.4.2.3.29}{\376\377\0004\000.\0002\000.\0003\000.\0002\0009\000\040\000M\000a\000k\000e\000N\000o\000d\000e\000\050\000\051}{subsection.4.2.3}% 110
\BOOKMARK [3][-]{subsubsection.4.2.3.30}{\376\377\0004\000.\0002\000.\0003\000.\0003\0000\000\040\000M\000a\000k\000e\000S\000e\000e\000n\000L\000i\000s\000t\000\050\000\051}{subsection.4.2.3}% 111
\BOOKMARK [3][-]{subsubsection.4.2.3.31}{\376\377\0004\000.\0002\000.\0003\000.\0003\0001\000\040\000M\000a\000k\000e\000V\000e\000r\000t\000e\000x\000\050\000\051}{subsection.4.2.3}% 112
\BOOKMARK [3][-]{subsubsection.4.2.3.32}{\376\377\0004\000.\0002\000.\0003\000.\0003\0002\000\040\000N\000o\000d\000e\000I\000n\000B\000o\000u\000n\000d\000s\000\050\000\051}{subsection.4.2.3}% 113
\BOOKMARK [3][-]{subsubsection.4.2.3.33}{\376\377\0004\000.\0002\000.\0003\000.\0003\0003\000\040\000N\000o\000i\000s\000e\000C\000h\000e\000c\000k\000\050\000\051}{subsection.4.2.3}% 114
\BOOKMARK [3][-]{subsubsection.4.2.3.34}{\376\377\0004\000.\0002\000.\0003\000.\0003\0004\000\040\000N\000o\000i\000s\000e\000C\000h\000e\000c\000k\000A\000l\000t\000\050\000\051}{subsection.4.2.3}% 115
\BOOKMARK [3][-]{subsubsection.4.2.3.35}{\376\377\0004\000.\0002\000.\0003\000.\0003\0005\000\040\000P\000a\000t\000h\000i\000n\000g\000\050\000\051}{subsection.4.2.3}% 116
\BOOKMARK [3][-]{subsubsection.4.2.3.36}{\376\377\0004\000.\0002\000.\0003\000.\0003\0006\000\040\000R\000e\000a\000d\000G\000r\000a\000p\000h\000F\000i\000l\000e\000\050\000\051}{subsection.4.2.3}% 117
\BOOKMARK [3][-]{subsubsection.4.2.3.37}{\376\377\0004\000.\0002\000.\0003\000.\0003\0007\000\040\000R\000e\000a\000d\000L\000i\000s\000t\000F\000i\000l\000e\000\050\000\051}{subsection.4.2.3}% 118
\BOOKMARK [3][-]{subsubsection.4.2.3.38}{\376\377\0004\000.\0002\000.\0003\000.\0003\0008\000\040\000R\000e\000m\000o\000v\000e\000E\000d\000g\000e\000\050\000\051}{subsection.4.2.3}% 119
\BOOKMARK [3][-]{subsubsection.4.2.3.39}{\376\377\0004\000.\0002\000.\0003\000.\0003\0009\000\040\000R\000e\000m\000o\000v\000e\000E\000l\000e\000m\000e\000n\000t\000\050\000\051}{subsection.4.2.3}% 120
\BOOKMARK [3][-]{subsubsection.4.2.3.40}{\376\377\0004\000.\0002\000.\0003\000.\0004\0000\000\040\000R\000e\000m\000o\000v\000e\000N\000o\000d\000e\000\050\000\051}{subsection.4.2.3}% 121
\BOOKMARK [3][-]{subsubsection.4.2.3.41}{\376\377\0004\000.\0002\000.\0003\000.\0004\0001\000\040\000R\000e\000m\000o\000v\000e\000V\000e\000r\000t\000e\000x\000\050\000\051}{subsection.4.2.3}% 122
\BOOKMARK [3][-]{subsubsection.4.2.3.42}{\376\377\0004\000.\0002\000.\0003\000.\0004\0002\000\040\000S\000a\000v\000e\000G\000r\000a\000p\000h\000F\000i\000l\000e\000\050\000\051}{subsection.4.2.3}% 123
\BOOKMARK [3][-]{subsubsection.4.2.3.43}{\376\377\0004\000.\0002\000.\0003\000.\0004\0003\000\040\000S\000a\000v\000e\000L\000i\000s\000t\000\050\000\051}{subsection.4.2.3}% 124
\BOOKMARK [3][-]{subsubsection.4.2.3.44}{\376\377\0004\000.\0002\000.\0003\000.\0004\0004\000\040\000V\000a\000l\000i\000d\000N\000o\000d\000e\000P\000o\000s\000\050\000\051}{subsection.4.2.3}% 125
\BOOKMARK [3][-]{subsubsection.4.2.3.45}{\376\377\0004\000.\0002\000.\0003\000.\0004\0005\000\040\000V\000e\000c\000t\000o\000r\0002\000A\000d\000d\000\050\000\051}{subsection.4.2.3}% 126
\BOOKMARK [3][-]{subsubsection.4.2.3.46}{\376\377\0004\000.\0002\000.\0003\000.\0004\0006\000\040\000V\000e\000c\000t\000o\000r\0002\000C\000o\000m\000p\000a\000r\000e\000\050\000\051}{subsection.4.2.3}% 127
\BOOKMARK [3][-]{subsubsection.4.2.3.47}{\376\377\0004\000.\0002\000.\0003\000.\0004\0007\000\040\000V\000e\000c\000t\000o\000r\0002\000S\000u\000b\000t\000r\000a\000c\000t\000\050\000\051}{subsection.4.2.3}% 128
\BOOKMARK [1][-]{section.4.3}{\376\377\0004\000.\0003\000\040\000f\000u\000n\000c\000.\000h}{chapter.4}% 129
\BOOKMARK [1][-]{section.4.4}{\376\377\0004\000.\0004\000\040\000R\000e\000f\000e\000r\000\352\000n\000c\000i\000a\000\040\000a\000o\000\040\000f\000i\000c\000h\000e\000i\000r\000o\000\040\000s\000r\000c\000/\000i\000n\000t\000e\000r\000f\000a\000c\000e\000.\000c}{chapter.4}% 130
\BOOKMARK [2][-]{subsection.4.4.1}{\376\377\0004\000.\0004\000.\0001\000\040\000D\000e\000s\000c\000r\000i\000\347\000\343\000o\000\040\000d\000e\000t\000a\000l\000h\000a\000d\000a}{section.4.4}% 131
\BOOKMARK [2][-]{subsection.4.4.2}{\376\377\0004\000.\0004\000.\0002\000\040\000D\000o\000c\000u\000m\000e\000n\000t\000a\000\347\000\343\000o\000\040\000d\000a\000s\000\040\000f\000u\000n\000\347\000\365\000e\000s}{section.4.4}% 132
\BOOKMARK [3][-]{subsubsection.4.4.2.1}{\376\377\0004\000.\0004\000.\0002\000.\0001\000\040\000A\000s\000k\000R\000e\000p\000l\000a\000c\000e\000\050\000\051}{subsection.4.4.2}% 133
\BOOKMARK [3][-]{subsubsection.4.4.2.2}{\376\377\0004\000.\0004\000.\0002\000.\0002\000\040\000C\000o\000m\000m\000a\000n\000d\000I\000O\000\050\000\051}{subsection.4.4.2}% 134
\BOOKMARK [3][-]{subsubsection.4.4.2.3}{\376\377\0004\000.\0004\000.\0002\000.\0003\000\040\000D\000r\000a\000w\000M\000a\000t\000r\000i\000x\000\050\000\051}{subsection.4.4.2}% 135
\BOOKMARK [3][-]{subsubsection.4.4.2.4}{\376\377\0004\000.\0004\000.\0002\000.\0004\000\040\000H\000a\000s\000B\000i\000n\000E\000x\000t\000e\000n\000s\000i\000o\000n\000\050\000\051}{subsection.4.4.2}% 136
\BOOKMARK [3][-]{subsubsection.4.4.2.5}{\376\377\0004\000.\0004\000.\0002\000.\0005\000\040\000L\000o\000g\000\050\000\051}{subsection.4.4.2}% 137
\BOOKMARK [3][-]{subsubsection.4.4.2.6}{\376\377\0004\000.\0004\000.\0002\000.\0006\000\040\000M\000e\000n\000u\000\050\000\051}{subsection.4.4.2}% 138
\BOOKMARK [3][-]{subsubsection.4.4.2.7}{\376\377\0004\000.\0004\000.\0002\000.\0007\000\040\000P\000a\000u\000s\000e\000\050\000\051}{subsection.4.4.2}% 139
\BOOKMARK [3][-]{subsubsection.4.4.2.8}{\376\377\0004\000.\0004\000.\0002\000.\0008\000\040\000S\000h\000o\000w\000G\000r\000a\000p\000h\000\050\000\051}{subsection.4.4.2}% 140
\BOOKMARK [3][-]{subsubsection.4.4.2.9}{\376\377\0004\000.\0004\000.\0002\000.\0009\000\040\000S\000h\000o\000w\000L\000i\000s\000t\000\050\000\051}{subsection.4.4.2}% 141
\BOOKMARK [3][-]{subsubsection.4.4.2.10}{\376\377\0004\000.\0004\000.\0002\000.\0001\0000\000\040\000S\000h\000o\000w\000P\000a\000t\000h\000\050\000\051}{subsection.4.4.2}% 142
\BOOKMARK [3][-]{subsubsection.4.4.2.11}{\376\377\0004\000.\0004\000.\0002\000.\0001\0001\000\040\000S\000h\000o\000w\000R\000e\000s\000o\000n\000a\000n\000c\000e\000P\000a\000i\000r\000s\000\050\000\051}{subsection.4.4.2}% 143
\BOOKMARK [3][-]{subsubsection.4.4.2.12}{\376\377\0004\000.\0004\000.\0002\000.\0001\0002\000\040\000S\000h\000o\000w\000T\000r\000a\000v\000e\000r\000s\000a\000l\000\050\000\051}{subsection.4.4.2}% 144
\BOOKMARK [1][-]{section.4.5}{\376\377\0004\000.\0005\000\040\000R\000e\000f\000e\000r\000\352\000n\000c\000i\000a\000\040\000a\000o\000\040\000f\000i\000c\000h\000e\000i\000r\000o\000\040\000s\000r\000c\000/\000i\000n\000t\000e\000r\000f\000a\000c\000e\000.\000h}{chapter.4}% 145
\BOOKMARK [2][-]{subsection.4.5.1}{\376\377\0004\000.\0005\000.\0001\000\040\000D\000e\000s\000c\000r\000i\000\347\000\343\000o\000\040\000d\000e\000t\000a\000l\000h\000a\000d\000a}{section.4.5}% 146
\BOOKMARK [2][-]{subsection.4.5.2}{\376\377\0004\000.\0005\000.\0002\000\040\000D\000o\000c\000u\000m\000e\000n\000t\000a\000\347\000\343\000o\000\040\000d\000a\000s\000\040\000f\000u\000n\000\347\000\365\000e\000s}{section.4.5}% 147
\BOOKMARK [3][-]{subsubsection.4.5.2.1}{\376\377\0004\000.\0005\000.\0002\000.\0001\000\040\000A\000s\000k\000R\000e\000p\000l\000a\000c\000e\000\050\000\051}{subsection.4.5.2}% 148
\BOOKMARK [3][-]{subsubsection.4.5.2.2}{\376\377\0004\000.\0005\000.\0002\000.\0002\000\040\000C\000o\000m\000m\000a\000n\000d\000I\000O\000\050\000\051}{subsection.4.5.2}% 149
\BOOKMARK [3][-]{subsubsection.4.5.2.3}{\376\377\0004\000.\0005\000.\0002\000.\0003\000\040\000D\000r\000a\000w\000M\000a\000t\000r\000i\000x\000\050\000\051}{subsection.4.5.2}% 150
\BOOKMARK [3][-]{subsubsection.4.5.2.4}{\376\377\0004\000.\0005\000.\0002\000.\0004\000\040\000H\000a\000s\000B\000i\000n\000E\000x\000t\000e\000n\000s\000i\000o\000n\000\050\000\051}{subsection.4.5.2}% 151
\BOOKMARK [3][-]{subsubsection.4.5.2.5}{\376\377\0004\000.\0005\000.\0002\000.\0005\000\040\000L\000o\000g\000\050\000\051}{subsection.4.5.2}% 152
\BOOKMARK [3][-]{subsubsection.4.5.2.6}{\376\377\0004\000.\0005\000.\0002\000.\0006\000\040\000M\000e\000n\000u\000\050\000\051}{subsection.4.5.2}% 153
\BOOKMARK [3][-]{subsubsection.4.5.2.7}{\376\377\0004\000.\0005\000.\0002\000.\0007\000\040\000P\000a\000u\000s\000e\000\050\000\051}{subsection.4.5.2}% 154
\BOOKMARK [3][-]{subsubsection.4.5.2.8}{\376\377\0004\000.\0005\000.\0002\000.\0008\000\040\000S\000h\000o\000w\000G\000r\000a\000p\000h\000\050\000\051}{subsection.4.5.2}% 155
\BOOKMARK [3][-]{subsubsection.4.5.2.9}{\376\377\0004\000.\0005\000.\0002\000.\0009\000\040\000S\000h\000o\000w\000L\000i\000s\000t\000\050\000\051}{subsection.4.5.2}% 156
\BOOKMARK [3][-]{subsubsection.4.5.2.10}{\376\377\0004\000.\0005\000.\0002\000.\0001\0000\000\040\000S\000h\000o\000w\000P\000a\000t\000h\000\050\000\051}{subsection.4.5.2}% 157
\BOOKMARK [3][-]{subsubsection.4.5.2.11}{\376\377\0004\000.\0005\000.\0002\000.\0001\0001\000\040\000S\000h\000o\000w\000R\000e\000s\000o\000n\000a\000n\000c\000e\000P\000a\000i\000r\000s\000\050\000\051}{subsection.4.5.2}% 158
\BOOKMARK [3][-]{subsubsection.4.5.2.12}{\376\377\0004\000.\0005\000.\0002\000.\0001\0002\000\040\000S\000h\000o\000w\000T\000r\000a\000v\000e\000r\000s\000a\000l\000\050\000\051}{subsection.4.5.2}% 159
\BOOKMARK [1][-]{section.4.6}{\376\377\0004\000.\0006\000\040\000i\000n\000t\000e\000r\000f\000a\000c\000e\000.\000h}{chapter.4}% 160
\BOOKMARK [1][-]{section.4.7}{\376\377\0004\000.\0007\000\040\000R\000e\000f\000e\000r\000\352\000n\000c\000i\000a\000\040\000a\000o\000\040\000f\000i\000c\000h\000e\000i\000r\000o\000\040\000s\000r\000c\000/\000m\000a\000i\000n\000.\000c}{chapter.4}% 161
\BOOKMARK [2][-]{subsection.4.7.1}{\376\377\0004\000.\0007\000.\0001\000\040\000D\000e\000s\000c\000r\000i\000\347\000\343\000o\000\040\000d\000e\000t\000a\000l\000h\000a\000d\000a}{section.4.7}% 162
\BOOKMARK [0][-]{section*.19}{\376\377\000\315\000n\000d\000i\000c\000e}{}% 163
